Using pre-set license
Built from '2020.3/staging' branch; Version is '2020.3.17f1 (a4537701e4ab) revision 10769271'; Using compiler version '192528614'; Build Type 'Release'
OS: 'Windows 10 Home; OS build 19043.1237; Version 2009; 64bit' Language: 'en' Physical Memory: 16300 MB
BatchMode: 1, IsHumanControllingUs: 0, StartBugReporterOnCrash: 0, Is64bit: 1, IsPro: 0

COMMAND LINE ARGUMENTS:
C:\Program Files\Unity\Hub\Editor\2020.3.17f1\Editor\Unity.exe
-adb2
-batchMode
-noUpm
-name
AssetImportWorker0
-projectPath
C:/Users/jsj59/OneDrive/Documents/GitHub/DungeonEscape/Dungeon-Escape
-logFile
Logs/AssetImportWorker0.log
-srvPort
57480
Successfully changed project path to: C:/Users/jsj59/OneDrive/Documents/GitHub/DungeonEscape/Dungeon-Escape
C:/Users/jsj59/OneDrive/Documents/GitHub/DungeonEscape/Dungeon-Escape
Using Asset Import Pipeline V2.
Refreshing native plugins compatible for Editor in 43.01 ms, found 3 plugins.
Preloading 0 native plugins for Editor in 0.00 ms.
Initialize engine version: 2020.3.17f1 (a4537701e4ab)
[Subsystems] Discovering subsystems at path C:/Program Files/Unity/Hub/Editor/2020.3.17f1/Editor/Data/Resources/UnitySubsystems
[Subsystems] Discovering subsystems at path C:/Users/jsj59/OneDrive/Documents/GitHub/DungeonEscape/Dungeon-Escape/Assets
GfxDevice: creating device client; threaded=0
Direct3D:
    Version:  Direct3D 11.0 [level 11.1]
    Renderer: NVIDIA GeForce RTX 2060 (ID=0x1f08)
    Vendor:   
    VRAM:     5980 MB
    Driver:   27.21.14.6140
Initialize mono
Mono path[0] = 'C:/Program Files/Unity/Hub/Editor/2020.3.17f1/Editor/Data/Managed'
Mono path[1] = 'C:/Program Files/Unity/Hub/Editor/2020.3.17f1/Editor/Data/MonoBleedingEdge/lib/mono/unityjit'
Mono config path = 'C:/Program Files/Unity/Hub/Editor/2020.3.17f1/Editor/Data/MonoBleedingEdge/etc'
Using monoOptions --debugger-agent=transport=dt_socket,embedding=1,server=y,suspend=n,address=127.0.0.1:56328
Begin MonoManager ReloadAssembly
Registering precompiled unity dll's ...
Register platform support module: C:/Program Files/Unity/Hub/Editor/2020.3.17f1/Editor/Data/PlaybackEngines/WebGLSupport/UnityEditor.WebGL.Extensions.dll
Register platform support module: C:/Program Files/Unity/Hub/Editor/2020.3.17f1/Editor/Data/PlaybackEngines/WindowsStandaloneSupport/UnityEditor.WindowsStandalone.Extensions.dll
Registered in 0.001966 seconds.
Native extension for WindowsStandalone target not found
Native extension for WebGL target not found
Refreshing native plugins compatible for Editor in 40.24 ms, found 3 plugins.
Preloading 0 native plugins for Editor in 0.00 ms.
Mono: successfully reloaded assembly
- Completed reload, in  1.614 seconds
Domain Reload Profiling:
	ReloadAssembly (1614ms)
		BeginReloadAssembly (43ms)
			ExecutionOrderSort (0ms)
			DisableScriptedObjects (0ms)
			BackupInstance (0ms)
			ReleaseScriptingObjects (0ms)
			CreateAndSetChildDomain (1ms)
		EndReloadAssembly (349ms)
			LoadAssemblies (42ms)
			RebuildTransferFunctionScriptingTraits (0ms)
			SetupTypeCache (122ms)
			ReleaseScriptCaches (0ms)
			RebuildScriptCaches (25ms)
			SetupLoadedEditorAssemblies (142ms)
				LogAssemblyErrors (0ms)
				InitializePlatformSupportModulesInManaged (4ms)
				SetLoadedEditorAssemblies (0ms)
				RefreshPlugins (40ms)
				BeforeProcessingInitializeOnLoad (13ms)
				ProcessInitializeOnLoadAttributes (63ms)
				ProcessInitializeOnLoadMethodAttributes (22ms)
				AfterProcessingInitializeOnLoad (0ms)
				EditorAssembliesLoaded (0ms)
			ExecutionOrderSort2 (0ms)
			AwakeInstancesAfterBackupRestoration (0ms)
Platform modules already initialized, skipping
Registering precompiled user dll's ...
Registered in 0.004392 seconds.
Begin MonoManager ReloadAssembly
Native extension for WindowsStandalone target not found
Native extension for WebGL target not found
Refreshing native plugins compatible for Editor in 41.43 ms, found 3 plugins.
Preloading 0 native plugins for Editor in 0.00 ms.
Mono: successfully reloaded assembly
- Completed reload, in  0.997 seconds
Domain Reload Profiling:
	ReloadAssembly (998ms)
		BeginReloadAssembly (115ms)
			ExecutionOrderSort (0ms)
			DisableScriptedObjects (4ms)
			BackupInstance (0ms)
			ReleaseScriptingObjects (0ms)
			CreateAndSetChildDomain (15ms)
		EndReloadAssembly (832ms)
			LoadAssemblies (76ms)
			RebuildTransferFunctionScriptingTraits (0ms)
			SetupTypeCache (247ms)
			ReleaseScriptCaches (0ms)
			RebuildScriptCaches (43ms)
			SetupLoadedEditorAssemblies (359ms)
				LogAssemblyErrors (0ms)
				InitializePlatformSupportModulesInManaged (4ms)
				SetLoadedEditorAssemblies (0ms)
				RefreshPlugins (41ms)
				BeforeProcessingInitializeOnLoad (73ms)
				ProcessInitializeOnLoadAttributes (226ms)
				ProcessInitializeOnLoadMethodAttributes (9ms)
				AfterProcessingInitializeOnLoad (5ms)
				EditorAssembliesLoaded (0ms)
			ExecutionOrderSort2 (0ms)
			AwakeInstancesAfterBackupRestoration (5ms)
Platform modules already initialized, skipping
========================================================================
Worker process is ready to serve import requests
Launched and connected shader compiler UnityShaderCompiler.exe after 0.04 seconds
Refreshing native plugins compatible for Editor in 0.48 ms, found 3 plugins.
Preloading 0 native plugins for Editor in 0.00 ms.
Unloading 2266 Unused Serialized files (Serialized files now loaded: 0)
System memory in use before: 99.4 MB.
System memory in use after: 99.6 MB.

Unloading 29 unused Assets to reduce memory usage. Loaded Objects now: 2706.
Total: 3.227000 ms (FindLiveObjects: 0.197300 ms CreateObjectMapping: 0.087900 ms MarkObjects: 2.877500 ms  DeleteObjects: 0.063400 ms)

AssetImportParameters requested are different than current active one (requested -> active):
  custom:framework-win-MediaFoundation: 216162199b28c13a410421893ffa2e32 -> 
  custom:video-decoder-ogg-theora: a1e56fd34408186e4bbccfd4996cb3dc -> 
  custom:container-muxer-webm: aa71ff27fc2769a1b78a27578f13a17b -> 
  custom:container-demuxer-webm: 4f35f7cbe854078d1ac9338744f61a02 -> 
  custom:container-demuxer-ogg: 62fdf1f143b41e24485cea50d1cbac27 -> 
  custom:video-encoder-webm-vp8: eb34c28f22e8b96e1ab97ce403110664 -> 
  custom:video-decoder-webm-vp8: 9c59270c3fd7afecdb556c50c9e8de78 -> 
  custom:audio-decoder-ogg-vorbis: bf7c407c2cedff20999df2af8eb42d56 -> 
  custom:audio-encoder-webm-vorbis: bf7c407c2cedff20999df2af8eb42d56 -> 
========================================================================
Received Import Request.
  path: Assets/2D_Mobile_Adventure_Assets/Official_Game/_Scenes
  artifactKey: Guid(724d927b9bdff3748b8c4607f1fafb70) Importer(815301076,1909f56bfc062723c751e8b465ee728b)
Start importing Assets/2D_Mobile_Adventure_Assets/Official_Game/_Scenes using Guid(724d927b9bdff3748b8c4607f1fafb70) Importer(815301076,1909f56bfc062723c751e8b465ee728b)  -> (artifact id: 'b31487320239b1fcf2c8eb2b37d46dff') in 0.004208 seconds 
  Import took 0.009465 seconds .

========================================================================
Received Import Request.
  Time since last request: 0.893354 seconds.
  path: Assets/2D_Mobile_Adventure_Assets/Official_Game/_Scenes/Game.unity
  artifactKey: Guid(8d609537b2ff94518b2aef8752cf8dc3) Importer(815301076,1909f56bfc062723c751e8b465ee728b)
Start importing Assets/2D_Mobile_Adventure_Assets/Official_Game/_Scenes/Game.unity using Guid(8d609537b2ff94518b2aef8752cf8dc3) Importer(815301076,1909f56bfc062723c751e8b465ee728b)  -> (artifact id: 'd946695a27482a4b653771c4fcb44109') in 0.009403 seconds 
  Import took 0.014410 seconds .

========================================================================
Received Import Request.
  Time since last request: 63.129721 seconds.
  path: ProjectSettings/TagManager.asset
  artifactKey: Guid(00000000000000003000000000000000) Importer(815301076,1909f56bfc062723c751e8b465ee728b)
Start importing ProjectSettings/TagManager.asset using Guid(00000000000000003000000000000000) Importer(815301076,1909f56bfc062723c751e8b465ee728b)  -> (artifact id: '80ec187341466222b133ec78c683574b') in 0.033791 seconds 
  Import took 0.038316 seconds .

========================================================================
Received Prepare
Registering precompiled user dll's ...
Registered in 0.004267 seconds.
Begin MonoManager ReloadAssembly
Native extension for WindowsStandalone target not found
Native extension for WebGL target not found
Refreshing native plugins compatible for Editor in 0.50 ms, found 3 plugins.
Preloading 0 native plugins for Editor in 0.00 ms.
Mono: successfully reloaded assembly
- Completed reload, in  0.911 seconds
Domain Reload Profiling:
	ReloadAssembly (911ms)
		BeginReloadAssembly (102ms)
			ExecutionOrderSort (0ms)
			DisableScriptedObjects (5ms)
			BackupInstance (0ms)
			ReleaseScriptingObjects (0ms)
			CreateAndSetChildDomain (28ms)
		EndReloadAssembly (759ms)
			LoadAssemblies (75ms)
			RebuildTransferFunctionScriptingTraits (0ms)
			SetupTypeCache (231ms)
			ReleaseScriptCaches (1ms)
			RebuildScriptCaches (44ms)
			SetupLoadedEditorAssemblies (324ms)
				LogAssemblyErrors (0ms)
				InitializePlatformSupportModulesInManaged (5ms)
				SetLoadedEditorAssemblies (0ms)
				RefreshPlugins (1ms)
				BeforeProcessingInitializeOnLoad (76ms)
				ProcessInitializeOnLoadAttributes (231ms)
				ProcessInitializeOnLoadMethodAttributes (5ms)
				AfterProcessingInitializeOnLoad (6ms)
				EditorAssembliesLoaded (0ms)
			ExecutionOrderSort2 (0ms)
			AwakeInstancesAfterBackupRestoration (8ms)
Platform modules already initialized, skipping
Refreshing native plugins compatible for Editor in 0.47 ms, found 3 plugins.
Preloading 0 native plugins for Editor in 0.00 ms.
Unloading 2254 Unused Serialized files (Serialized files now loaded: 0)
System memory in use before: 99.0 MB.
System memory in use after: 99.1 MB.

Unloading 19 unused Assets to reduce memory usage. Loaded Objects now: 2708.
Total: 2.481700 ms (FindLiveObjects: 0.175600 ms CreateObjectMapping: 0.070500 ms MarkObjects: 2.218200 ms  DeleteObjects: 0.016600 ms)

AssetImportParameters requested are different than current active one (requested -> active):
  custom:framework-win-MediaFoundation: 216162199b28c13a410421893ffa2e32 -> 
  custom:video-decoder-ogg-theora: a1e56fd34408186e4bbccfd4996cb3dc -> 
  custom:container-muxer-webm: aa71ff27fc2769a1b78a27578f13a17b -> 
  custom:container-demuxer-webm: 4f35f7cbe854078d1ac9338744f61a02 -> 
  custom:container-demuxer-ogg: 62fdf1f143b41e24485cea50d1cbac27 -> 
  custom:video-encoder-webm-vp8: eb34c28f22e8b96e1ab97ce403110664 -> 
  custom:video-decoder-webm-vp8: 9c59270c3fd7afecdb556c50c9e8de78 -> 
  custom:audio-decoder-ogg-vorbis: bf7c407c2cedff20999df2af8eb42d56 -> 
  custom:audio-encoder-webm-vorbis: bf7c407c2cedff20999df2af8eb42d56 -> 
========================================================================
Received Prepare
Registering precompiled user dll's ...
Registered in 0.004137 seconds.
Begin MonoManager ReloadAssembly
Native extension for WindowsStandalone target not found
Native extension for WebGL target not found
Refreshing native plugins compatible for Editor in 0.44 ms, found 3 plugins.
Preloading 0 native plugins for Editor in 0.00 ms.
Mono: successfully reloaded assembly
- Completed reload, in  0.896 seconds
Domain Reload Profiling:
	ReloadAssembly (897ms)
		BeginReloadAssembly (99ms)
			ExecutionOrderSort (0ms)
			DisableScriptedObjects (5ms)
			BackupInstance (0ms)
			ReleaseScriptingObjects (0ms)
			CreateAndSetChildDomain (29ms)
		EndReloadAssembly (745ms)
			LoadAssemblies (77ms)
			RebuildTransferFunctionScriptingTraits (0ms)
			SetupTypeCache (228ms)
			ReleaseScriptCaches (1ms)
			RebuildScriptCaches (42ms)
			SetupLoadedEditorAssemblies (317ms)
				LogAssemblyErrors (0ms)
				InitializePlatformSupportModulesInManaged (5ms)
				SetLoadedEditorAssemblies (0ms)
				RefreshPlugins (0ms)
				BeforeProcessingInitializeOnLoad (75ms)
				ProcessInitializeOnLoadAttributes (224ms)
				ProcessInitializeOnLoadMethodAttributes (5ms)
				AfterProcessingInitializeOnLoad (6ms)
				EditorAssembliesLoaded (0ms)
			ExecutionOrderSort2 (0ms)
			AwakeInstancesAfterBackupRestoration (8ms)
Platform modules already initialized, skipping
Refreshing native plugins compatible for Editor in 0.44 ms, found 3 plugins.
Preloading 0 native plugins for Editor in 0.00 ms.
Unloading 2254 Unused Serialized files (Serialized files now loaded: 0)
System memory in use before: 99.0 MB.
System memory in use after: 99.1 MB.

Unloading 18 unused Assets to reduce memory usage. Loaded Objects now: 2710.
Total: 2.507200 ms (FindLiveObjects: 0.167800 ms CreateObjectMapping: 0.067400 ms MarkObjects: 2.257400 ms  DeleteObjects: 0.013400 ms)

AssetImportParameters requested are different than current active one (requested -> active):
  custom:framework-win-MediaFoundation: 216162199b28c13a410421893ffa2e32 -> 
  custom:video-decoder-ogg-theora: a1e56fd34408186e4bbccfd4996cb3dc -> 
  custom:container-muxer-webm: aa71ff27fc2769a1b78a27578f13a17b -> 
  custom:container-demuxer-webm: 4f35f7cbe854078d1ac9338744f61a02 -> 
  custom:container-demuxer-ogg: 62fdf1f143b41e24485cea50d1cbac27 -> 
  custom:video-encoder-webm-vp8: eb34c28f22e8b96e1ab97ce403110664 -> 
  custom:video-decoder-webm-vp8: 9c59270c3fd7afecdb556c50c9e8de78 -> 
  custom:audio-decoder-ogg-vorbis: bf7c407c2cedff20999df2af8eb42d56 -> 
  custom:audio-encoder-webm-vorbis: bf7c407c2cedff20999df2af8eb42d56 -> 
========================================================================
Received Prepare
Registering precompiled user dll's ...
Registered in 0.004396 seconds.
Begin MonoManager ReloadAssembly
Native extension for WindowsStandalone target not found
Native extension for WebGL target not found
Refreshing native plugins compatible for Editor in 0.47 ms, found 3 plugins.
Preloading 0 native plugins for Editor in 0.00 ms.
Mono: successfully reloaded assembly
- Completed reload, in  0.898 seconds
Domain Reload Profiling:
	ReloadAssembly (899ms)
		BeginReloadAssembly (101ms)
			ExecutionOrderSort (0ms)
			DisableScriptedObjects (5ms)
			BackupInstance (0ms)
			ReleaseScriptingObjects (0ms)
			CreateAndSetChildDomain (27ms)
		EndReloadAssembly (747ms)
			LoadAssemblies (74ms)
			RebuildTransferFunctionScriptingTraits (0ms)
			SetupTypeCache (228ms)
			ReleaseScriptCaches (1ms)
			RebuildScriptCaches (43ms)
			SetupLoadedEditorAssemblies (317ms)
				LogAssemblyErrors (0ms)
				InitializePlatformSupportModulesInManaged (5ms)
				SetLoadedEditorAssemblies (0ms)
				RefreshPlugins (1ms)
				BeforeProcessingInitializeOnLoad (76ms)
				ProcessInitializeOnLoadAttributes (225ms)
				ProcessInitializeOnLoadMethodAttributes (5ms)
				AfterProcessingInitializeOnLoad (5ms)
				EditorAssembliesLoaded (0ms)
			ExecutionOrderSort2 (0ms)
			AwakeInstancesAfterBackupRestoration (8ms)
Platform modules already initialized, skipping
Refreshing native plugins compatible for Editor in 0.45 ms, found 3 plugins.
Preloading 0 native plugins for Editor in 0.00 ms.
Unloading 2254 Unused Serialized files (Serialized files now loaded: 0)
System memory in use before: 99.0 MB.
System memory in use after: 99.1 MB.

Unloading 18 unused Assets to reduce memory usage. Loaded Objects now: 2712.
Total: 2.661700 ms (FindLiveObjects: 0.182300 ms CreateObjectMapping: 0.071700 ms MarkObjects: 2.392300 ms  DeleteObjects: 0.014700 ms)

AssetImportParameters requested are different than current active one (requested -> active):
  custom:framework-win-MediaFoundation: 216162199b28c13a410421893ffa2e32 -> 
  custom:video-decoder-ogg-theora: a1e56fd34408186e4bbccfd4996cb3dc -> 
  custom:container-muxer-webm: aa71ff27fc2769a1b78a27578f13a17b -> 
  custom:container-demuxer-webm: 4f35f7cbe854078d1ac9338744f61a02 -> 
  custom:container-demuxer-ogg: 62fdf1f143b41e24485cea50d1cbac27 -> 
  custom:video-encoder-webm-vp8: eb34c28f22e8b96e1ab97ce403110664 -> 
  custom:video-decoder-webm-vp8: 9c59270c3fd7afecdb556c50c9e8de78 -> 
  custom:audio-decoder-ogg-vorbis: bf7c407c2cedff20999df2af8eb42d56 -> 
  custom:audio-encoder-webm-vorbis: bf7c407c2cedff20999df2af8eb42d56 -> 
========================================================================
Received Prepare
Registering precompiled user dll's ...
Registered in 0.004440 seconds.
Begin MonoManager ReloadAssembly
Native extension for WindowsStandalone target not found
Native extension for WebGL target not found
Refreshing native plugins compatible for Editor in 0.47 ms, found 3 plugins.
Preloading 0 native plugins for Editor in 0.00 ms.
Mono: successfully reloaded assembly
- Completed reload, in  0.910 seconds
Domain Reload Profiling:
	ReloadAssembly (910ms)
		BeginReloadAssembly (96ms)
			ExecutionOrderSort (0ms)
			DisableScriptedObjects (5ms)
			BackupInstance (0ms)
			ReleaseScriptingObjects (0ms)
			CreateAndSetChildDomain (27ms)
		EndReloadAssembly (763ms)
			LoadAssemblies (76ms)
			RebuildTransferFunctionScriptingTraits (0ms)
			SetupTypeCache (233ms)
			ReleaseScriptCaches (1ms)
			RebuildScriptCaches (42ms)
			SetupLoadedEditorAssemblies (325ms)
				LogAssemblyErrors (0ms)
				InitializePlatformSupportModulesInManaged (5ms)
				SetLoadedEditorAssemblies (0ms)
				RefreshPlugins (1ms)
				BeforeProcessingInitializeOnLoad (77ms)
				ProcessInitializeOnLoadAttributes (232ms)
				ProcessInitializeOnLoadMethodAttributes (5ms)
				AfterProcessingInitializeOnLoad (6ms)
				EditorAssembliesLoaded (0ms)
			ExecutionOrderSort2 (0ms)
			AwakeInstancesAfterBackupRestoration (8ms)
Platform modules already initialized, skipping
Refreshing native plugins compatible for Editor in 0.46 ms, found 3 plugins.
Preloading 0 native plugins for Editor in 0.00 ms.
Unloading 2254 Unused Serialized files (Serialized files now loaded: 0)
System memory in use before: 99.0 MB.
System memory in use after: 99.2 MB.

Unloading 18 unused Assets to reduce memory usage. Loaded Objects now: 2714.
Total: 2.534300 ms (FindLiveObjects: 0.179400 ms CreateObjectMapping: 0.069700 ms MarkObjects: 2.267500 ms  DeleteObjects: 0.016800 ms)

AssetImportParameters requested are different than current active one (requested -> active):
  custom:framework-win-MediaFoundation: 216162199b28c13a410421893ffa2e32 -> 
  custom:video-decoder-ogg-theora: a1e56fd34408186e4bbccfd4996cb3dc -> 
  custom:container-muxer-webm: aa71ff27fc2769a1b78a27578f13a17b -> 
  custom:container-demuxer-webm: 4f35f7cbe854078d1ac9338744f61a02 -> 
  custom:container-demuxer-ogg: 62fdf1f143b41e24485cea50d1cbac27 -> 
  custom:video-encoder-webm-vp8: eb34c28f22e8b96e1ab97ce403110664 -> 
  custom:video-decoder-webm-vp8: 9c59270c3fd7afecdb556c50c9e8de78 -> 
  custom:audio-decoder-ogg-vorbis: bf7c407c2cedff20999df2af8eb42d56 -> 
  custom:audio-encoder-webm-vorbis: bf7c407c2cedff20999df2af8eb42d56 -> 
========================================================================
Received Import Request.
  Time since last request: 431.525625 seconds.
  path: Assets/2D_Mobile_Adventure_Assets/Official_Game/Sprites/Characters/Skeleton/Animations/Hit.anim
  artifactKey: Guid(309009e9662f50c4bb7b099bcc15295a) Importer(815301076,1909f56bfc062723c751e8b465ee728b)
Start importing Assets/2D_Mobile_Adventure_Assets/Official_Game/Sprites/Characters/Skeleton/Animations/Hit.anim using Guid(309009e9662f50c4bb7b099bcc15295a) Importer(815301076,1909f56bfc062723c751e8b465ee728b)  -> (artifact id: 'f4062f17ec7e9844986fe2a23177e101') in 0.018401 seconds 
  Import took 0.023486 seconds .

========================================================================
Received Import Request.
  Time since last request: 0.000811 seconds.
  path: Assets/2D_Mobile_Adventure_Assets/Official_Game/Sprites/Characters/Skeleton/Animations/Hit.anim
  artifactKey: Guid(309009e9662f50c4bb7b099bcc15295a) Importer(815301076,1909f56bfc062723c751e8b465ee728b)
Start importing Assets/2D_Mobile_Adventure_Assets/Official_Game/Sprites/Characters/Skeleton/Animations/Hit.anim using Guid(309009e9662f50c4bb7b099bcc15295a) Importer(815301076,1909f56bfc062723c751e8b465ee728b)  -> (artifact id: 'f4062f17ec7e9844986fe2a23177e101') in 0.001909 seconds 
  Import took 0.006800 seconds .

========================================================================
Received Import Request.
  Time since last request: 203.907083 seconds.
  path: Assets/2D_Mobile_Adventure_Assets/Official_Game/Scripts
  artifactKey: Guid(e024f70cdcdfdaa4ab931457825893a0) Importer(815301076,1909f56bfc062723c751e8b465ee728b)
Start importing Assets/2D_Mobile_Adventure_Assets/Official_Game/Scripts using Guid(e024f70cdcdfdaa4ab931457825893a0) Importer(815301076,1909f56bfc062723c751e8b465ee728b)  -> (artifact id: 'a7e7f80a3172e09be1eaaa209991810e') in 0.001841 seconds 
  Import took 0.006425 seconds .

========================================================================
Received Import Request.
  Time since last request: 16.734251 seconds.
  path: Assets/2D_Mobile_Adventure_Assets/Official_Game/Scripts/IDamageable.cs
  artifactKey: Guid(35768f1579c6a5940b944045ce827250) Importer(815301076,1909f56bfc062723c751e8b465ee728b)
Start importing Assets/2D_Mobile_Adventure_Assets/Official_Game/Scripts/IDamageable.cs using Guid(35768f1579c6a5940b944045ce827250) Importer(815301076,1909f56bfc062723c751e8b465ee728b)  -> (artifact id: '09b5f1a57ccfdef30654c9659f3115c2') in 0.014622 seconds 
  Import took 0.020083 seconds .

========================================================================
Received Prepare
Registering precompiled user dll's ...
Registered in 0.004124 seconds.
Begin MonoManager ReloadAssembly
Native extension for WindowsStandalone target not found
Native extension for WebGL target not found
Refreshing native plugins compatible for Editor in 0.43 ms, found 3 plugins.
Preloading 0 native plugins for Editor in 0.00 ms.
Mono: successfully reloaded assembly
- Completed reload, in  0.883 seconds
Domain Reload Profiling:
	ReloadAssembly (883ms)
		BeginReloadAssembly (92ms)
			ExecutionOrderSort (0ms)
			DisableScriptedObjects (5ms)
			BackupInstance (0ms)
			ReleaseScriptingObjects (0ms)
			CreateAndSetChildDomain (29ms)
		EndReloadAssembly (741ms)
			LoadAssemblies (74ms)
			RebuildTransferFunctionScriptingTraits (0ms)
			SetupTypeCache (228ms)
			ReleaseScriptCaches (1ms)
			RebuildScriptCaches (42ms)
			SetupLoadedEditorAssemblies (313ms)
				LogAssemblyErrors (0ms)
				InitializePlatformSupportModulesInManaged (5ms)
				SetLoadedEditorAssemblies (0ms)
				RefreshPlugins (0ms)
				BeforeProcessingInitializeOnLoad (75ms)
				ProcessInitializeOnLoadAttributes (222ms)
				ProcessInitializeOnLoadMethodAttributes (5ms)
				AfterProcessingInitializeOnLoad (6ms)
				EditorAssembliesLoaded (0ms)
			ExecutionOrderSort2 (0ms)
			AwakeInstancesAfterBackupRestoration (8ms)
Platform modules already initialized, skipping
Refreshing native plugins compatible for Editor in 0.55 ms, found 3 plugins.
Preloading 0 native plugins for Editor in 0.00 ms.
Unloading 2255 Unused Serialized files (Serialized files now loaded: 0)
System memory in use before: 99.0 MB.
System memory in use after: 99.2 MB.

Unloading 18 unused Assets to reduce memory usage. Loaded Objects now: 2717.
Total: 2.515700 ms (FindLiveObjects: 0.171100 ms CreateObjectMapping: 0.076100 ms MarkObjects: 2.253900 ms  DeleteObjects: 0.013900 ms)

AssetImportParameters requested are different than current active one (requested -> active):
  custom:framework-win-MediaFoundation: 216162199b28c13a410421893ffa2e32 -> 
  custom:video-decoder-ogg-theora: a1e56fd34408186e4bbccfd4996cb3dc -> 
  custom:container-muxer-webm: aa71ff27fc2769a1b78a27578f13a17b -> 
  custom:container-demuxer-webm: 4f35f7cbe854078d1ac9338744f61a02 -> 
  custom:container-demuxer-ogg: 62fdf1f143b41e24485cea50d1cbac27 -> 
  custom:video-encoder-webm-vp8: eb34c28f22e8b96e1ab97ce403110664 -> 
  custom:video-decoder-webm-vp8: 9c59270c3fd7afecdb556c50c9e8de78 -> 
  custom:audio-decoder-ogg-vorbis: bf7c407c2cedff20999df2af8eb42d56 -> 
  custom:audio-encoder-webm-vorbis: bf7c407c2cedff20999df2af8eb42d56 -> 
========================================================================
Received Import Request.
  Time since last request: 97.259708 seconds.
  path: Assets/2D_Mobile_Adventure_Assets/Official_Game/Scripts/IDamageable.cs
  artifactKey: Guid(35768f1579c6a5940b944045ce827250) Importer(815301076,1909f56bfc062723c751e8b465ee728b)
Start importing Assets/2D_Mobile_Adventure_Assets/Official_Game/Scripts/IDamageable.cs using Guid(35768f1579c6a5940b944045ce827250) Importer(815301076,1909f56bfc062723c751e8b465ee728b)  -> (artifact id: '71a43e803bf23943487bb18e40b50073') in 0.005866 seconds 
  Import took 0.011848 seconds .

========================================================================
Received Import Request.
  Time since last request: 70.229198 seconds.
  path: Assets/2D_Mobile_Adventure_Assets/Official_Game/Scripts/IDamageable.cs
  artifactKey: Guid(35768f1579c6a5940b944045ce827250) Importer(815301076,1909f56bfc062723c751e8b465ee728b)
Start importing Assets/2D_Mobile_Adventure_Assets/Official_Game/Scripts/IDamageable.cs using Guid(35768f1579c6a5940b944045ce827250) Importer(815301076,1909f56bfc062723c751e8b465ee728b)  -> (artifact id: 'e759054a9566ad64de8fc571ece69d91') in 0.001736 seconds 
  Import took 0.006508 seconds .

========================================================================
Received Import Request.
  Time since last request: 0.000199 seconds.
  path: Assets/2D_Mobile_Adventure_Assets/Official_Game/Scripts/IDamageable.cs
  artifactKey: Guid(35768f1579c6a5940b944045ce827250) Importer(815301076,1909f56bfc062723c751e8b465ee728b)
Start importing Assets/2D_Mobile_Adventure_Assets/Official_Game/Scripts/IDamageable.cs using Guid(35768f1579c6a5940b944045ce827250) Importer(815301076,1909f56bfc062723c751e8b465ee728b)  -> (artifact id: 'e759054a9566ad64de8fc571ece69d91') in 0.001541 seconds 
  Import took 0.006344 seconds .

========================================================================
Received Import Request.
  Time since last request: 139.289642 seconds.
  path: Assets/2D_Mobile_Adventure_Assets/Official_Game/Scripts/Player.cs
  artifactKey: Guid(e2c1416f1467a564b843d770d5518b03) Importer(815301076,1909f56bfc062723c751e8b465ee728b)
Start importing Assets/2D_Mobile_Adventure_Assets/Official_Game/Scripts/Player.cs using Guid(e2c1416f1467a564b843d770d5518b03) Importer(815301076,1909f56bfc062723c751e8b465ee728b)  -> (artifact id: 'd61c96a4e2c5bc11a3fe7c100886268c') in 0.001653 seconds 
  Import took 0.006472 seconds .

========================================================================
Received Import Request.
  Time since last request: 0.018302 seconds.
  path: Assets/2D_Mobile_Adventure_Assets/Official_Game/Scripts/Player.cs
  artifactKey: Guid(e2c1416f1467a564b843d770d5518b03) Importer(815301076,1909f56bfc062723c751e8b465ee728b)
Start importing Assets/2D_Mobile_Adventure_Assets/Official_Game/Scripts/Player.cs using Guid(e2c1416f1467a564b843d770d5518b03) Importer(815301076,1909f56bfc062723c751e8b465ee728b)  -> (artifact id: 'd61c96a4e2c5bc11a3fe7c100886268c') in 0.002048 seconds 
  Import took 0.006431 seconds .

========================================================================
Received Prepare
Registering precompiled user dll's ...
Registered in 0.003999 seconds.
Begin MonoManager ReloadAssembly
Native extension for WindowsStandalone target not found
Native extension for WebGL target not found
Refreshing native plugins compatible for Editor in 0.47 ms, found 3 plugins.
Preloading 0 native plugins for Editor in 0.00 ms.
Mono: successfully reloaded assembly
- Completed reload, in  0.894 seconds
Domain Reload Profiling:
	ReloadAssembly (894ms)
		BeginReloadAssembly (97ms)
			ExecutionOrderSort (0ms)
			DisableScriptedObjects (5ms)
			BackupInstance (0ms)
			ReleaseScriptingObjects (0ms)
			CreateAndSetChildDomain (27ms)
		EndReloadAssembly (746ms)
			LoadAssemblies (74ms)
			RebuildTransferFunctionScriptingTraits (0ms)
			SetupTypeCache (227ms)
			ReleaseScriptCaches (1ms)
			RebuildScriptCaches (43ms)
			SetupLoadedEditorAssemblies (319ms)
				LogAssemblyErrors (0ms)
				InitializePlatformSupportModulesInManaged (5ms)
				SetLoadedEditorAssemblies (0ms)
				RefreshPlugins (1ms)
				BeforeProcessingInitializeOnLoad (77ms)
				ProcessInitializeOnLoadAttributes (225ms)
				ProcessInitializeOnLoadMethodAttributes (5ms)
				AfterProcessingInitializeOnLoad (5ms)
				EditorAssembliesLoaded (0ms)
			ExecutionOrderSort2 (0ms)
			AwakeInstancesAfterBackupRestoration (8ms)
Platform modules already initialized, skipping
Refreshing native plugins compatible for Editor in 0.44 ms, found 3 plugins.
Preloading 0 native plugins for Editor in 0.00 ms.
Unloading 2255 Unused Serialized files (Serialized files now loaded: 0)
System memory in use before: 99.1 MB.
System memory in use after: 99.3 MB.

Unloading 18 unused Assets to reduce memory usage. Loaded Objects now: 2719.
Total: 2.884200 ms (FindLiveObjects: 0.191400 ms CreateObjectMapping: 0.081000 ms MarkObjects: 2.593400 ms  DeleteObjects: 0.017700 ms)

AssetImportParameters requested are different than current active one (requested -> active):
  custom:framework-win-MediaFoundation: 216162199b28c13a410421893ffa2e32 -> 
  custom:video-decoder-ogg-theora: a1e56fd34408186e4bbccfd4996cb3dc -> 
  custom:container-muxer-webm: aa71ff27fc2769a1b78a27578f13a17b -> 
  custom:container-demuxer-webm: 4f35f7cbe854078d1ac9338744f61a02 -> 
  custom:container-demuxer-ogg: 62fdf1f143b41e24485cea50d1cbac27 -> 
  custom:video-encoder-webm-vp8: eb34c28f22e8b96e1ab97ce403110664 -> 
  custom:video-decoder-webm-vp8: 9c59270c3fd7afecdb556c50c9e8de78 -> 
  custom:audio-decoder-ogg-vorbis: bf7c407c2cedff20999df2af8eb42d56 -> 
  custom:audio-encoder-webm-vorbis: bf7c407c2cedff20999df2af8eb42d56 -> 
========================================================================
Received Import Request.
  Time since last request: 103.525041 seconds.
  path: Assets/2D_Mobile_Adventure_Assets/Official_Game/Scripts/Enemy/MossGiant.cs
  artifactKey: Guid(6cf78da2e188c6741b23dc0665b930b8) Importer(815301076,1909f56bfc062723c751e8b465ee728b)
Start importing Assets/2D_Mobile_Adventure_Assets/Official_Game/Scripts/Enemy/MossGiant.cs using Guid(6cf78da2e188c6741b23dc0665b930b8) Importer(815301076,1909f56bfc062723c751e8b465ee728b)  -> (artifact id: '839d8d1a2e14cd24f894fb4c87c0f33f') in 0.005602 seconds 
  Import took 0.010678 seconds .

========================================================================
Received Prepare
Registering precompiled user dll's ...
Registered in 0.004071 seconds.
Begin MonoManager ReloadAssembly
Native extension for WindowsStandalone target not found
Native extension for WebGL target not found
Refreshing native plugins compatible for Editor in 0.43 ms, found 3 plugins.
Preloading 0 native plugins for Editor in 0.00 ms.
Mono: successfully reloaded assembly
- Completed reload, in  0.880 seconds
Domain Reload Profiling:
	ReloadAssembly (880ms)
		BeginReloadAssembly (90ms)
			ExecutionOrderSort (0ms)
			DisableScriptedObjects (5ms)
			BackupInstance (0ms)
			ReleaseScriptingObjects (0ms)
			CreateAndSetChildDomain (28ms)
		EndReloadAssembly (741ms)
			LoadAssemblies (74ms)
			RebuildTransferFunctionScriptingTraits (0ms)
			SetupTypeCache (226ms)
			ReleaseScriptCaches (1ms)
			RebuildScriptCaches (41ms)
			SetupLoadedEditorAssemblies (317ms)
				LogAssemblyErrors (0ms)
				InitializePlatformSupportModulesInManaged (4ms)
				SetLoadedEditorAssemblies (0ms)
				RefreshPlugins (0ms)
				BeforeProcessingInitializeOnLoad (75ms)
				ProcessInitializeOnLoadAttributes (226ms)
				ProcessInitializeOnLoadMethodAttributes (6ms)
				AfterProcessingInitializeOnLoad (5ms)
				EditorAssembliesLoaded (0ms)
			ExecutionOrderSort2 (0ms)
			AwakeInstancesAfterBackupRestoration (8ms)
Platform modules already initialized, skipping
Refreshing native plugins compatible for Editor in 0.44 ms, found 3 plugins.
Preloading 0 native plugins for Editor in 0.00 ms.
Unloading 2255 Unused Serialized files (Serialized files now loaded: 0)
System memory in use before: 99.1 MB.
System memory in use after: 99.3 MB.

Unloading 18 unused Assets to reduce memory usage. Loaded Objects now: 2721.
Total: 2.659300 ms (FindLiveObjects: 0.164500 ms CreateObjectMapping: 0.072700 ms MarkObjects: 2.407900 ms  DeleteObjects: 0.013500 ms)

AssetImportParameters requested are different than current active one (requested -> active):
  custom:framework-win-MediaFoundation: 216162199b28c13a410421893ffa2e32 -> 
  custom:video-decoder-ogg-theora: a1e56fd34408186e4bbccfd4996cb3dc -> 
  custom:container-muxer-webm: aa71ff27fc2769a1b78a27578f13a17b -> 
  custom:container-demuxer-webm: 4f35f7cbe854078d1ac9338744f61a02 -> 
  custom:container-demuxer-ogg: 62fdf1f143b41e24485cea50d1cbac27 -> 
  custom:video-encoder-webm-vp8: eb34c28f22e8b96e1ab97ce403110664 -> 
  custom:video-decoder-webm-vp8: 9c59270c3fd7afecdb556c50c9e8de78 -> 
  custom:audio-decoder-ogg-vorbis: bf7c407c2cedff20999df2af8eb42d56 -> 
  custom:audio-encoder-webm-vorbis: bf7c407c2cedff20999df2af8eb42d56 -> 
========================================================================
Received Import Request.
  Time since last request: 118.499592 seconds.
  path: Assets/2D_Mobile_Adventure_Assets/Official_Game/Scripts/Enemy/MossGiant.cs
  artifactKey: Guid(6cf78da2e188c6741b23dc0665b930b8) Importer(815301076,1909f56bfc062723c751e8b465ee728b)
Start importing Assets/2D_Mobile_Adventure_Assets/Official_Game/Scripts/Enemy/MossGiant.cs using Guid(6cf78da2e188c6741b23dc0665b930b8) Importer(815301076,1909f56bfc062723c751e8b465ee728b)  -> (artifact id: 'bf26b0b2c867594ff027d33675bb2fb7') in 0.003442 seconds 
  Import took 0.007699 seconds .

========================================================================
Received Import Request.
  Time since last request: 54.352662 seconds.
  path: Assets/2D_Mobile_Adventure_Assets/Official_Game/Scripts/Enemy/MossGiant.cs
  artifactKey: Guid(6cf78da2e188c6741b23dc0665b930b8) Importer(815301076,1909f56bfc062723c751e8b465ee728b)
Start importing Assets/2D_Mobile_Adventure_Assets/Official_Game/Scripts/Enemy/MossGiant.cs using Guid(6cf78da2e188c6741b23dc0665b930b8) Importer(815301076,1909f56bfc062723c751e8b465ee728b)  -> (artifact id: '7b426ae93d16776e3e3345bd3b05b33f') in 0.001473 seconds 
  Import took 0.006163 seconds .

========================================================================
Received Import Request.
  Time since last request: 37.330318 seconds.
  path: Assets/2D_Mobile_Adventure_Assets/Official_Game/Scripts/Enemy/MossGiant.cs
  artifactKey: Guid(6cf78da2e188c6741b23dc0665b930b8) Importer(815301076,1909f56bfc062723c751e8b465ee728b)
Start importing Assets/2D_Mobile_Adventure_Assets/Official_Game/Scripts/Enemy/MossGiant.cs using Guid(6cf78da2e188c6741b23dc0665b930b8) Importer(815301076,1909f56bfc062723c751e8b465ee728b)  -> (artifact id: 'b9b26711666330b59bee5d5b0f2d15c5') in 0.001491 seconds 
  Import took 0.006125 seconds .

========================================================================
Received Import Request.
  Time since last request: 33.516317 seconds.
  path: Assets/2D_Mobile_Adventure_Assets/Official_Game/Scripts/Enemy/MossGiant.cs
  artifactKey: Guid(6cf78da2e188c6741b23dc0665b930b8) Importer(815301076,1909f56bfc062723c751e8b465ee728b)
Start importing Assets/2D_Mobile_Adventure_Assets/Official_Game/Scripts/Enemy/MossGiant.cs using Guid(6cf78da2e188c6741b23dc0665b930b8) Importer(815301076,1909f56bfc062723c751e8b465ee728b)  -> (artifact id: '0795e9ec229271b99ffb914f46f32219') in 0.001640 seconds 
  Import took 0.007008 seconds .

========================================================================
Received Import Request.
  Time since last request: 0.000548 seconds.
  path: Assets/2D_Mobile_Adventure_Assets/Official_Game/Scripts/Enemy/MossGiant.cs
  artifactKey: Guid(6cf78da2e188c6741b23dc0665b930b8) Importer(815301076,1909f56bfc062723c751e8b465ee728b)
Start importing Assets/2D_Mobile_Adventure_Assets/Official_Game/Scripts/Enemy/MossGiant.cs using Guid(6cf78da2e188c6741b23dc0665b930b8) Importer(815301076,1909f56bfc062723c751e8b465ee728b)  -> (artifact id: '0795e9ec229271b99ffb914f46f32219') in 0.001251 seconds 
  Import took 0.007610 seconds .

========================================================================
Received Import Request.
  Time since last request: 16.424878 seconds.
  path: Assets/2D_Mobile_Adventure_Assets/Official_Game/Scripts/Enemy/MossGiant.cs
  artifactKey: Guid(6cf78da2e188c6741b23dc0665b930b8) Importer(815301076,1909f56bfc062723c751e8b465ee728b)
Start importing Assets/2D_Mobile_Adventure_Assets/Official_Game/Scripts/Enemy/MossGiant.cs using Guid(6cf78da2e188c6741b23dc0665b930b8) Importer(815301076,1909f56bfc062723c751e8b465ee728b)  -> (artifact id: '02ceb70eefa6fb0ce17f214412479fb8') in 0.001466 seconds 
  Import took 0.006540 seconds .

========================================================================
Received Import Request.
  Time since last request: 12.189879 seconds.
  path: Assets/2D_Mobile_Adventure_Assets/Official_Game/Scripts/Enemy/MossGiant.cs
  artifactKey: Guid(6cf78da2e188c6741b23dc0665b930b8) Importer(815301076,1909f56bfc062723c751e8b465ee728b)
Start importing Assets/2D_Mobile_Adventure_Assets/Official_Game/Scripts/Enemy/MossGiant.cs using Guid(6cf78da2e188c6741b23dc0665b930b8) Importer(815301076,1909f56bfc062723c751e8b465ee728b)  -> (artifact id: 'd936fc5270e911f9d718a7325cd25eb7') in 0.001575 seconds 
  Import took 0.006488 seconds .

========================================================================
Received Import Request.
  Time since last request: 30.614770 seconds.
  path: Assets/2D_Mobile_Adventure_Assets/Official_Game/Scripts/Enemy/MossGiant.cs
  artifactKey: Guid(6cf78da2e188c6741b23dc0665b930b8) Importer(815301076,1909f56bfc062723c751e8b465ee728b)
Start importing Assets/2D_Mobile_Adventure_Assets/Official_Game/Scripts/Enemy/MossGiant.cs using Guid(6cf78da2e188c6741b23dc0665b930b8) Importer(815301076,1909f56bfc062723c751e8b465ee728b)  -> (artifact id: '4e45407969f97591e4d7929c7715350b') in 0.001450 seconds 
  Import took 0.006299 seconds .

========================================================================
Received Import Request.
  Time since last request: 87.770477 seconds.
  path: Assets/2D_Mobile_Adventure_Assets/Official_Game/Scripts/Enemy/MossGiant.cs
  artifactKey: Guid(6cf78da2e188c6741b23dc0665b930b8) Importer(815301076,1909f56bfc062723c751e8b465ee728b)
Start importing Assets/2D_Mobile_Adventure_Assets/Official_Game/Scripts/Enemy/MossGiant.cs using Guid(6cf78da2e188c6741b23dc0665b930b8) Importer(815301076,1909f56bfc062723c751e8b465ee728b)  -> (artifact id: 'be7651ba57be899940f6675644ede517') in 0.001494 seconds 
  Import took 0.006229 seconds .

========================================================================
Received Prepare
Registering precompiled user dll's ...
Registered in 0.004016 seconds.
Begin MonoManager ReloadAssembly
Native extension for WindowsStandalone target not found
Native extension for WebGL target not found
Refreshing native plugins compatible for Editor in 0.43 ms, found 3 plugins.
Preloading 0 native plugins for Editor in 0.00 ms.
Mono: successfully reloaded assembly
- Completed reload, in  0.875 seconds
Domain Reload Profiling:
	ReloadAssembly (876ms)
		BeginReloadAssembly (91ms)
			ExecutionOrderSort (0ms)
			DisableScriptedObjects (5ms)
			BackupInstance (0ms)
			ReleaseScriptingObjects (0ms)
			CreateAndSetChildDomain (28ms)
		EndReloadAssembly (734ms)
			LoadAssemblies (72ms)
			RebuildTransferFunctionScriptingTraits (0ms)
			SetupTypeCache (223ms)
			ReleaseScriptCaches (1ms)
			RebuildScriptCaches (41ms)
			SetupLoadedEditorAssemblies (316ms)
				LogAssemblyErrors (0ms)
				InitializePlatformSupportModulesInManaged (4ms)
				SetLoadedEditorAssemblies (0ms)
				RefreshPlugins (0ms)
				BeforeProcessingInitializeOnLoad (76ms)
				ProcessInitializeOnLoadAttributes (223ms)
				ProcessInitializeOnLoadMethodAttributes (5ms)
				AfterProcessingInitializeOnLoad (6ms)
				EditorAssembliesLoaded (0ms)
			ExecutionOrderSort2 (0ms)
			AwakeInstancesAfterBackupRestoration (8ms)
Platform modules already initialized, skipping
Refreshing native plugins compatible for Editor in 0.45 ms, found 3 plugins.
Preloading 0 native plugins for Editor in 0.00 ms.
Unloading 2255 Unused Serialized files (Serialized files now loaded: 0)
System memory in use before: 99.1 MB.
System memory in use after: 99.3 MB.

Unloading 18 unused Assets to reduce memory usage. Loaded Objects now: 2723.
Total: 2.652400 ms (FindLiveObjects: 0.179700 ms CreateObjectMapping: 0.079900 ms MarkObjects: 2.377700 ms  DeleteObjects: 0.014400 ms)

AssetImportParameters requested are different than current active one (requested -> active):
  custom:framework-win-MediaFoundation: 216162199b28c13a410421893ffa2e32 -> 
  custom:video-decoder-ogg-theora: a1e56fd34408186e4bbccfd4996cb3dc -> 
  custom:container-muxer-webm: aa71ff27fc2769a1b78a27578f13a17b -> 
  custom:container-demuxer-webm: 4f35f7cbe854078d1ac9338744f61a02 -> 
  custom:container-demuxer-ogg: 62fdf1f143b41e24485cea50d1cbac27 -> 
  custom:video-encoder-webm-vp8: eb34c28f22e8b96e1ab97ce403110664 -> 
  custom:video-decoder-webm-vp8: 9c59270c3fd7afecdb556c50c9e8de78 -> 
  custom:audio-decoder-ogg-vorbis: bf7c407c2cedff20999df2af8eb42d56 -> 
  custom:audio-encoder-webm-vorbis: bf7c407c2cedff20999df2af8eb42d56 -> 
========================================================================
Received Prepare
Registering precompiled user dll's ...
Registered in 0.004058 seconds.
Begin MonoManager ReloadAssembly
Native extension for WindowsStandalone target not found
Native extension for WebGL target not found
Refreshing native plugins compatible for Editor in 0.44 ms, found 3 plugins.
Preloading 0 native plugins for Editor in 0.00 ms.
Mono: successfully reloaded assembly
- Completed reload, in  0.885 seconds
Domain Reload Profiling:
	ReloadAssembly (885ms)
		BeginReloadAssembly (95ms)
			ExecutionOrderSort (0ms)
			DisableScriptedObjects (5ms)
			BackupInstance (0ms)
			ReleaseScriptingObjects (0ms)
			CreateAndSetChildDomain (26ms)
		EndReloadAssembly (741ms)
			LoadAssemblies (72ms)
			RebuildTransferFunctionScriptingTraits (0ms)
			SetupTypeCache (227ms)
			ReleaseScriptCaches (1ms)
			RebuildScriptCaches (42ms)
			SetupLoadedEditorAssemblies (315ms)
				LogAssemblyErrors (0ms)
				InitializePlatformSupportModulesInManaged (4ms)
				SetLoadedEditorAssemblies (0ms)
				RefreshPlugins (0ms)
				BeforeProcessingInitializeOnLoad (75ms)
				ProcessInitializeOnLoadAttributes (224ms)
				ProcessInitializeOnLoadMethodAttributes (5ms)
				AfterProcessingInitializeOnLoad (5ms)
				EditorAssembliesLoaded (0ms)
			ExecutionOrderSort2 (0ms)
			AwakeInstancesAfterBackupRestoration (8ms)
Platform modules already initialized, skipping
Refreshing native plugins compatible for Editor in 0.52 ms, found 3 plugins.
Preloading 0 native plugins for Editor in 0.00 ms.
Unloading 2255 Unused Serialized files (Serialized files now loaded: 0)
System memory in use before: 99.1 MB.
System memory in use after: 99.3 MB.

Unloading 18 unused Assets to reduce memory usage. Loaded Objects now: 2725.
Total: 2.666900 ms (FindLiveObjects: 0.183100 ms CreateObjectMapping: 0.084100 ms MarkObjects: 2.382500 ms  DeleteObjects: 0.016500 ms)

AssetImportParameters requested are different than current active one (requested -> active):
  custom:framework-win-MediaFoundation: 216162199b28c13a410421893ffa2e32 -> 
  custom:video-decoder-ogg-theora: a1e56fd34408186e4bbccfd4996cb3dc -> 
  custom:container-muxer-webm: aa71ff27fc2769a1b78a27578f13a17b -> 
  custom:container-demuxer-webm: 4f35f7cbe854078d1ac9338744f61a02 -> 
  custom:container-demuxer-ogg: 62fdf1f143b41e24485cea50d1cbac27 -> 
  custom:video-encoder-webm-vp8: eb34c28f22e8b96e1ab97ce403110664 -> 
  custom:video-decoder-webm-vp8: 9c59270c3fd7afecdb556c50c9e8de78 -> 
  custom:audio-decoder-ogg-vorbis: bf7c407c2cedff20999df2af8eb42d56 -> 
  custom:audio-encoder-webm-vorbis: bf7c407c2cedff20999df2af8eb42d56 -> 
AssetImportWorkerClient::OnTransportError - code=2 error=End of file
